<?xml version="1.0" encoding="UTF-8"?>
<testng-results ignored="0" total="1" passed="1" failed="0" skipped="0">
  <reporter-output>
  </reporter-output>
  <suite started-at="2022-09-24T21:38:28 IST" name="Default suite" finished-at="2022-09-24T21:38:45 IST" duration-ms="17452">
    <groups>
    </groups>
    <test started-at="2022-09-24T21:38:28 IST" name="Default test" finished-at="2022-09-24T21:38:45 IST" duration-ms="17452">
      <class name="com.actitime.testscript.TestLoginPage">
        <test-method signature="validLogin()[pri:0, instance:com.actitime.testscript.TestLoginPage@703580bf]" started-at="2022-09-24T21:38:28 IST" name="validLogin" finished-at="2022-09-24T21:38:45 IST" duration-ms="17416" status="PASS">
          <reporter-output>
          </reporter-output>
        </test-method> <!-- validLogin -->
      </class> <!-- com.actitime.testscript.TestLoginPage -->
    </test> <!-- Default test -->
  </suite> <!-- Default suite -->
</testng-results>
